<?xml version="1.0" encoding="UTF-8"?>
<!-- Generated by org.testng.reporters.JUnitReportReporter -->
<testsuite hostname="IN-PG02P7BS" failures="0" tests="1" name="com.runner.Testrunner" time="26.645" errors="0" timestamp="25 May 2023 09:17:48 GMT" skipped="0">
  <testcase classname="com.runner.Testrunner" name="runScenario" time="26.645"/>
</testsuite> <!-- com.runner.Testrunner -->
